This is pdfTeX, Version 3.141592653-2.6-1.40.23 (TeX Live 2021/W32TeX) (preloaded format=pdflatex 2021.10.29)  24 AUG 2022 18:44
entering extended mode
 restricted \write18 enabled.
 %&-line parsing enabled.
**mercado_trabalho.tex
(./mercado_trabalho.tex
LaTeX2e <2021-06-01> patch level 1
L3 programming layer <2021-10-18> (c:/Users/tadeu/AppData/Roaming/TinyTeX/texmf
-dist/tex/latex/base/article.cls
Document Class: article 2021/02/12 v1.4n Standard LaTeX document class
(c:/Users/tadeu/AppData/Roaming/TinyTeX/texmf-dist/tex/latex/base/size10.clo
File: size10.clo 2021/02/12 v1.4n Standard LaTeX file (size option)
)
\c@part=\count182
\c@section=\count183
\c@subsection=\count184
\c@subsubsection=\count185
\c@paragraph=\count186
\c@subparagraph=\count187
\c@figure=\count188
\c@table=\count189
\abovecaptionskip=\skip47
\belowcaptionskip=\skip48
\bibindent=\dimen138
)
(c:/Users/tadeu/AppData/Roaming/TinyTeX/texmf-dist/tex/latex/amsmath/amsmath.st
y
Package: amsmath 2021/04/20 v2.17j AMS math features
\@mathmargin=\skip49
For additional information on amsmath, use the `?' option.

(c:/Users/tadeu/AppData/Roaming/TinyTeX/texmf-dist/tex/latex/amsmath/amstext.st
y
Package: amstext 2000/06/29 v2.01 AMS text

(c:/Users/tadeu/AppData/Roaming/TinyTeX/texmf-dist/tex/latex/amsmath/amsgen.sty
File: amsgen.sty 1999/11/30 v2.0 generic functions
\@emptytoks=\toks16
\ex@=\dimen139
))
(c:/Users/tadeu/AppData/Roaming/TinyTeX/texmf-dist/tex/latex/amsmath/amsbsy.sty
Package: amsbsy 1999/11/29 v1.2d Bold Symbols
\pmbraise@=\dimen140
)
(c:/Users/tadeu/AppData/Roaming/TinyTeX/texmf-dist/tex/latex/amsmath/amsopn.sty
Package: amsopn 2016/03/08 v2.02 operator names
)
\inf@bad=\count190
LaTeX Info: Redefining \frac on input line 234.
\uproot@=\count191
\leftroot@=\count192
LaTeX Info: Redefining \overline on input line 399.
\classnum@=\count193
\DOTSCASE@=\count194
LaTeX Info: Redefining \ldots on input line 496.
LaTeX Info: Redefining \dots on input line 499.
LaTeX Info: Redefining \cdots on input line 620.
\Mathstrutbox@=\box50
\strutbox@=\box51
\big@size=\dimen141
LaTeX Font Info:    Redeclaring font encoding OML on input line 743.
LaTeX Font Info:    Redeclaring font encoding OMS on input line 744.
\macc@depth=\count195
\c@MaxMatrixCols=\count196
\dotsspace@=\muskip16
\c@parentequation=\count197
\dspbrk@lvl=\count198
\tag@help=\toks17
\row@=\count199
\column@=\count266
\maxfields@=\count267
\andhelp@=\toks18
\eqnshift@=\dimen142
\alignsep@=\dimen143
\tagshift@=\dimen144
\tagwidth@=\dimen145
\totwidth@=\dimen146
\lineht@=\dimen147
\@envbody=\toks19
\multlinegap=\skip50
\multlinetaggap=\skip51
\mathdisplay@stack=\toks20
LaTeX Info: Redefining \[ on input line 2923.
LaTeX Info: Redefining \] on input line 2924.
)
(c:/Users/tadeu/AppData/Roaming/TinyTeX/texmf-dist/tex/latex/amsfonts/amssymb.s
ty
Package: amssymb 2013/01/14 v3.01 AMS font symbols

(c:/Users/tadeu/AppData/Roaming/TinyTeX/texmf-dist/tex/latex/amsfonts/amsfonts.
sty
Package: amsfonts 2013/01/14 v3.01 Basic AMSFonts support
\symAMSa=\mathgroup4
\symAMSb=\mathgroup5
LaTeX Font Info:    Redeclaring math symbol \hbar on input line 98.
LaTeX Font Info:    Overwriting math alphabet `\mathfrak' in version `bold'
(Font)                  U/euf/m/n --> U/euf/b/n on input line 106.
)) (c:/Users/tadeu/AppData/Roaming/TinyTeX/texmf-dist/tex/latex/lm/lmodern.sty
Package: lmodern 2015/05/01 v1.6.1 Latin Modern Fonts
LaTeX Font Info:    Overwriting symbol font `operators' in version `normal'
(Font)                  OT1/cmr/m/n --> OT1/lmr/m/n on input line 22.
LaTeX Font Info:    Overwriting symbol font `letters' in version `normal'
(Font)                  OML/cmm/m/it --> OML/lmm/m/it on input line 23.
LaTeX Font Info:    Overwriting symbol font `symbols' in version `normal'
(Font)                  OMS/cmsy/m/n --> OMS/lmsy/m/n on input line 24.
LaTeX Font Info:    Overwriting symbol font `largesymbols' in version `normal'
(Font)                  OMX/cmex/m/n --> OMX/lmex/m/n on input line 25.
LaTeX Font Info:    Overwriting symbol font `operators' in version `bold'
(Font)                  OT1/cmr/bx/n --> OT1/lmr/bx/n on input line 26.
LaTeX Font Info:    Overwriting symbol font `letters' in version `bold'
(Font)                  OML/cmm/b/it --> OML/lmm/b/it on input line 27.
LaTeX Font Info:    Overwriting symbol font `symbols' in version `bold'
(Font)                  OMS/cmsy/b/n --> OMS/lmsy/b/n on input line 28.
LaTeX Font Info:    Overwriting symbol font `largesymbols' in version `bold'
(Font)                  OMX/cmex/m/n --> OMX/lmex/m/n on input line 29.
LaTeX Font Info:    Overwriting math alphabet `\mathbf' in version `normal'
(Font)                  OT1/cmr/bx/n --> OT1/lmr/bx/n on input line 31.
LaTeX Font Info:    Overwriting math alphabet `\mathsf' in version `normal'
(Font)                  OT1/cmss/m/n --> OT1/lmss/m/n on input line 32.
LaTeX Font Info:    Overwriting math alphabet `\mathit' in version `normal'
(Font)                  OT1/cmr/m/it --> OT1/lmr/m/it on input line 33.
LaTeX Font Info:    Overwriting math alphabet `\mathtt' in version `normal'
(Font)                  OT1/cmtt/m/n --> OT1/lmtt/m/n on input line 34.
LaTeX Font Info:    Overwriting math alphabet `\mathbf' in version `bold'
(Font)                  OT1/cmr/bx/n --> OT1/lmr/bx/n on input line 35.
LaTeX Font Info:    Overwriting math alphabet `\mathsf' in version `bold'
(Font)                  OT1/cmss/bx/n --> OT1/lmss/bx/n on input line 36.
LaTeX Font Info:    Overwriting math alphabet `\mathit' in version `bold'
(Font)                  OT1/cmr/bx/it --> OT1/lmr/bx/it on input line 37.
LaTeX Font Info:    Overwriting math alphabet `\mathtt' in version `bold'
(Font)                  OT1/cmtt/m/n --> OT1/lmtt/m/n on input line 38.
) (c:/Users/tadeu/AppData/Roaming/TinyTeX/texmf-dist/tex/generic/iftex/iftex.st
y
Package: iftex 2020/03/06 v1.0d TeX engine tests
) (c:/Users/tadeu/AppData/Roaming/TinyTeX/texmf-dist/tex/latex/base/fontenc.sty
Package: fontenc 2021/04/29 v2.0v Standard LaTeX package
LaTeX Font Info:    Trying to load font information for T1+lmr on input line 11
2.
(c:/Users/tadeu/AppData/Roaming/TinyTeX/texmf-dist/tex/latex/lm/t1lmr.fd
File: t1lmr.fd 2015/05/01 v1.6.1 Font defs for Latin Modern
)) (c:/Users/tadeu/AppData/Roaming/TinyTeX/texmf-dist/tex/latex/base/inputenc.s
ty
Package: inputenc 2021/02/14 v1.3d Input encoding file
\inpenc@prehook=\toks21
\inpenc@posthook=\toks22
) (c:/Users/tadeu/AppData/Roaming/TinyTeX/texmf-dist/tex/latex/base/textcomp.st
y
Package: textcomp 2020/02/02 v2.0n Standard LaTeX package
)
(c:/Users/tadeu/AppData/Roaming/TinyTeX/texmf-dist/tex/latex/microtype/microtyp
e.sty
Package: microtype 2021/10/31 v3.0 Micro-typographical refinements (RS)

(c:/Users/tadeu/AppData/Roaming/TinyTeX/texmf-dist/tex/latex/graphics/keyval.st
y
Package: keyval 2014/10/28 v1.15 key=value parser (DPC)
\KV@toks@=\toks23
)
(c:/Users/tadeu/AppData/Roaming/TinyTeX/texmf-dist/tex/latex/etoolbox/etoolbox.
sty
Package: etoolbox 2020/10/05 v2.5k e-TeX tools for LaTeX (JAW)
\etb@tempcnta=\count268
)
\MT@toks=\toks24
\MT@count=\count269
\MT@tempbox=\box52
\MT@leftmarginkern=\dimen148
\MT@rightmarginkern=\dimen149
LaTeX Info: Redefining \textls on input line 1114.
\MT@outer@kern=\dimen150
LaTeX Info: Redefining \textmicrotypecontext on input line 1700.
\MT@listname@count=\count270

(c:/Users/tadeu/AppData/Roaming/TinyTeX/texmf-dist/tex/latex/microtype/microtyp
e-pdftex.def
File: microtype-pdftex.def 2021/10/31 v3.0 Definitions specific to pdftex (RS)
LaTeX Info: Redefining \lsstyle on input line 915.
LaTeX Info: Redefining \lslig on input line 915.
\MT@outer@space=\skip52
)
Package microtype Info: Loading configuration file microtype.cfg.

(c:/Users/tadeu/AppData/Roaming/TinyTeX/texmf-dist/tex/latex/microtype/microtyp
e.cfg
File: microtype.cfg 2021/10/31 v3.0 microtype main configuration file (RS)
)) (c:/Users/tadeu/AppData/Roaming/TinyTeX/texmf-dist/tex/latex/xcolor/xcolor.s
ty
Package: xcolor 2016/05/11 v2.12 LaTeX color extensions (UK)

(c:/Users/tadeu/AppData/Roaming/TinyTeX/texmf-dist/tex/latex/graphics-cfg/color
.cfg
File: color.cfg 2016/01/02 v1.6 sample color configuration
)
Package xcolor Info: Driver file: pdftex.def on input line 225.

(c:/Users/tadeu/AppData/Roaming/TinyTeX/texmf-dist/tex/latex/graphics-def/pdfte
x.def
File: pdftex.def 2020/10/05 v1.2a Graphics/color driver for pdftex
)
Package xcolor Info: Model `cmy' substituted by `cmy0' on input line 1348.
Package xcolor Info: Model `hsb' substituted by `rgb' on input line 1352.
Package xcolor Info: Model `RGB' extended on input line 1364.
Package xcolor Info: Model `HTML' substituted by `rgb' on input line 1366.
Package xcolor Info: Model `Hsb' substituted by `hsb' on input line 1367.
Package xcolor Info: Model `tHsb' substituted by `hsb' on input line 1368.
Package xcolor Info: Model `HSB' substituted by `hsb' on input line 1369.
Package xcolor Info: Model `Gray' substituted by `gray' on input line 1370.
Package xcolor Info: Model `wave' substituted by `hsb' on input line 1371.
)
(c:/Users/tadeu/AppData/Roaming/TinyTeX/texmf-dist/tex/latex/geometry/geometry.
sty
Package: geometry 2020/01/02 v5.9 Page Geometry

(c:/Users/tadeu/AppData/Roaming/TinyTeX/texmf-dist/tex/generic/iftex/ifvtex.sty
Package: ifvtex 2019/10/25 v1.7 ifvtex legacy package. Use iftex instead.
)
\Gm@cnth=\count271
\Gm@cntv=\count272
\c@Gm@tempcnt=\count273
\Gm@bindingoffset=\dimen151
\Gm@wd@mp=\dimen152
\Gm@odd@mp=\dimen153
\Gm@even@mp=\dimen154
\Gm@layoutwidth=\dimen155
\Gm@layoutheight=\dimen156
\Gm@layouthoffset=\dimen157
\Gm@layoutvoffset=\dimen158
\Gm@dimlist=\toks25
)
(c:/Users/tadeu/AppData/Roaming/TinyTeX/texmf-dist/tex/latex/graphics/graphicx.
sty
Package: graphicx 2020/12/05 v1.2c Enhanced LaTeX Graphics (DPC,SPQR)

(c:/Users/tadeu/AppData/Roaming/TinyTeX/texmf-dist/tex/latex/graphics/graphics.
sty
Package: graphics 2021/03/04 v1.4d Standard LaTeX Graphics (DPC,SPQR)
(c:/Users/tadeu/AppData/Roaming/TinyTeX/texmf-dist/tex/latex/graphics/trig.sty
Package: trig 2016/01/03 v1.10 sin cos tan (DPC)
)
(c:/Users/tadeu/AppData/Roaming/TinyTeX/texmf-dist/tex/latex/graphics-cfg/graph
ics.cfg
File: graphics.cfg 2016/06/04 v1.11 sample graphics configuration
)
Package graphics Info: Driver file: pdftex.def on input line 107.
)
\Gin@req@height=\dimen159
\Gin@req@width=\dimen160
)
(c:/Users/tadeu/AppData/Roaming/TinyTeX/texmf-dist/tex/latex/booktabs/booktabs.
sty
Package: booktabs 2020/01/12 v1.61803398 Publication quality tables
\heavyrulewidth=\dimen161
\lightrulewidth=\dimen162
\cmidrulewidth=\dimen163
\belowrulesep=\dimen164
\belowbottomsep=\dimen165
\aboverulesep=\dimen166
\abovetopsep=\dimen167
\cmidrulesep=\dimen168
\cmidrulekern=\dimen169
\defaultaddspace=\dimen170
\@cmidla=\count274
\@cmidlb=\count275
\@aboverulesep=\dimen171
\@belowrulesep=\dimen172
\@thisruleclass=\count276
\@lastruleclass=\count277
\@thisrulewidth=\dimen173
)
(c:/Users/tadeu/AppData/Roaming/TinyTeX/texmf-dist/tex/latex/tools/longtable.st
y
Package: longtable 2021-05-07 v4.16 Multi-page Table package (DPC)
\LTleft=\skip53
\LTright=\skip54
\LTpre=\skip55
\LTpost=\skip56
\LTchunksize=\count278
\LTcapwidth=\dimen174
\LT@head=\box53
\LT@firsthead=\box54
\LT@foot=\box55
\LT@lastfoot=\box56
\LT@gbox=\box57
\LT@cols=\count279
\LT@rows=\count280
\c@LT@tables=\count281
\c@LT@chunks=\count282
\LT@p@ftn=\toks26
) (c:/Users/tadeu/AppData/Roaming/TinyTeX/texmf-dist/tex/latex/tools/array.sty
Package: array 2021/04/20 v2.5e Tabular extension package (FMi)
\col@sep=\dimen175
\ar@mcellbox=\box58
\extrarowheight=\dimen176
\NC@list=\toks27
\extratabsurround=\skip57
\backup@length=\skip58
\ar@cellbox=\box59
)
(c:/Users/tadeu/AppData/Roaming/TinyTeX/texmf-dist/tex/latex/multirow/multirow.
sty
Package: multirow 2021/03/15 v2.8 Span multiple rows of a table
\multirow@colwidth=\skip59
\multirow@cntb=\count283
\multirow@dima=\skip60
\bigstrutjot=\dimen177
)
(c:/Users/tadeu/AppData/Roaming/TinyTeX/texmf-dist/tex/latex/wrapfig/wrapfig.st
y
\wrapoverhang=\dimen178
\WF@size=\dimen179
\c@WF@wrappedlines=\count284
\WF@box=\box60
\WF@everypar=\toks28
Package: wrapfig 2003/01/31  v 3.6
) (c:/Users/tadeu/AppData/Roaming/TinyTeX/texmf-dist/tex/latex/float/float.sty
Package: float 2001/11/08 v1.3d Float enhancements (AL)
\c@float@type=\count285
\float@exts=\toks29
\float@box=\box61
\@float@everytoks=\toks30
\@floatcapt=\box62
)
(c:/Users/tadeu/AppData/Roaming/TinyTeX/texmf-dist/tex/latex/colortbl/colortbl.
sty
Package: colortbl 2020/01/04 v1.0e Color table columns (DPC)
\everycr=\toks31
\minrowclearance=\skip61
)
(c:/Users/tadeu/AppData/Roaming/TinyTeX/texmf-dist/tex/latex/pdflscape/pdflscap
e.sty
Package: pdflscape 2019/12/05 v0.12 Display of landscape pages in PDF (HO)

(c:/Users/tadeu/AppData/Roaming/TinyTeX/texmf-dist/tex/latex/graphics/lscape.st
y
Package: lscape 2020/05/28 v3.02 Landscape Pages (DPC)
)
Package pdflscape Info: Auto-detected driver: pdftex on input line 81.
) (c:/Users/tadeu/AppData/Roaming/TinyTeX/texmf-dist/tex/latex/tabu/tabu.sty
Package: tabu 2019/01/11 v2.9 - flexible LaTeX tabulars (FC+tabu-fixed)

(c:/Users/tadeu/AppData/Roaming/TinyTeX/texmf-dist/tex/latex/varwidth/varwidth.
sty
Package: varwidth 2009/03/30 ver 0.92;  Variable-width minipages
\@vwid@box=\box63
\sift@deathcycles=\count286
\@vwid@loff=\dimen180
\@vwid@roff=\dimen181
)
\c@taburow=\count287
\tabu@nbcols=\count288
\tabu@cnt=\count289
\tabu@Xcol=\count290
\tabu@alloc=\count291
\tabu@nested=\count292
\tabu@target=\dimen182
\tabu@spreadtarget=\dimen183
\tabu@naturalX=\dimen184
\tabucolX=\dimen185
\tabu@Xsum=\dimen186
\extrarowdepth=\dimen187
\abovetabulinesep=\dimen188
\belowtabulinesep=\dimen189
\tabustrutrule=\dimen190
\tabu@thebody=\toks32
\tabu@footnotes=\toks33
\tabu@box=\box64
\tabu@arstrutbox=\box65
\tabu@hleads=\box66
\tabu@vleads=\box67
\tabu@cellskip=\skip62
)
(c:/Users/tadeu/AppData/Roaming/TinyTeX/texmf-dist/tex/latex/threeparttable/thr
eeparttable.sty
Package: threeparttable 2003/06/13  v 3.0
\@tempboxb=\box68
)
(c:/Users/tadeu/AppData/Roaming/TinyTeX/texmf-dist/tex/latex/threeparttablex/th
reeparttablex.sty
Package: threeparttablex 2013/07/23 v0.3 by daleif

(c:/Users/tadeu/AppData/Roaming/TinyTeX/texmf-dist/tex/latex/environ/environ.st
y
Package: environ 2014/05/04 v0.3 A new way to define environments

(c:/Users/tadeu/AppData/Roaming/TinyTeX/texmf-dist/tex/latex/trimspaces/trimspa
ces.sty
Package: trimspaces 2009/09/17 v1.1 Trim spaces around a token list
))
\TPTL@width=\skip63
) (c:/Users/tadeu/AppData/Roaming/TinyTeX/texmf-dist/tex/generic/ulem/ulem.sty
\UL@box=\box69
\UL@hyphenbox=\box70
\UL@skip=\skip64
\UL@hook=\toks34
\UL@height=\dimen191
\UL@pe=\count293
\UL@pixel=\dimen192
\ULC@box=\box71
Package: ulem 2019/11/18
\ULdepth=\dimen193
)
(c:/Users/tadeu/AppData/Roaming/TinyTeX/texmf-dist/tex/latex/makecell/makecell.
sty
Package: makecell 2009/08/03 V0.1e Managing of Tab Column Heads and Cells
\rotheadsize=\dimen194
\c@nlinenum=\count294
\TeXr@lab=\toks35
)
(c:/Users/tadeu/AppData/Roaming/TinyTeX/texmf-dist/tex/latex/bookmark/bookmark.
sty
Package: bookmark 2020-11-06 v1.29 PDF bookmarks (HO)

(c:/Users/tadeu/AppData/Roaming/TinyTeX/texmf-dist/tex/latex/hyperref/hyperref.
sty
Package: hyperref 2021-06-07 v7.00m Hypertext links for LaTeX

(c:/Users/tadeu/AppData/Roaming/TinyTeX/texmf-dist/tex/generic/ltxcmds/ltxcmds.
sty
Package: ltxcmds 2020-05-10 v1.25 LaTeX kernel commands for general use (HO)
)
(c:/Users/tadeu/AppData/Roaming/TinyTeX/texmf-dist/tex/generic/pdftexcmds/pdfte
xcmds.sty
Package: pdftexcmds 2020-06-27 v0.33 Utility functions of pdfTeX for LuaTeX (HO
)

(c:/Users/tadeu/AppData/Roaming/TinyTeX/texmf-dist/tex/generic/infwarerr/infwar
err.sty
Package: infwarerr 2019/12/03 v1.5 Providing info/warning/error messages (HO)
)
Package pdftexcmds Info: \pdf@primitive is available.
Package pdftexcmds Info: \pdf@ifprimitive is available.
Package pdftexcmds Info: \pdfdraftmode found.
)
(c:/Users/tadeu/AppData/Roaming/TinyTeX/texmf-dist/tex/generic/kvsetkeys/kvsetk
eys.sty
Package: kvsetkeys 2019/12/15 v1.18 Key value parser (HO)
)
(c:/Users/tadeu/AppData/Roaming/TinyTeX/texmf-dist/tex/generic/kvdefinekeys/kvd
efinekeys.sty
Package: kvdefinekeys 2019-12-19 v1.6 Define keys (HO)
)
(c:/Users/tadeu/AppData/Roaming/TinyTeX/texmf-dist/tex/generic/pdfescape/pdfesc
ape.sty
Package: pdfescape 2019/12/09 v1.15 Implements pdfTeX's escape features (HO)
)
(c:/Users/tadeu/AppData/Roaming/TinyTeX/texmf-dist/tex/latex/hycolor/hycolor.st
y
Package: hycolor 2020-01-27 v1.10 Color options for hyperref/bookmark (HO)
)
(c:/Users/tadeu/AppData/Roaming/TinyTeX/texmf-dist/tex/latex/letltxmacro/letltx
macro.sty
Package: letltxmacro 2019/12/03 v1.6 Let assignment for LaTeX macros (HO)
)
(c:/Users/tadeu/AppData/Roaming/TinyTeX/texmf-dist/tex/latex/auxhook/auxhook.st
y
Package: auxhook 2019-12-17 v1.6 Hooks for auxiliary files (HO)
)
(c:/Users/tadeu/AppData/Roaming/TinyTeX/texmf-dist/tex/latex/kvoptions/kvoption
s.sty
Package: kvoptions 2020-10-07 v3.14 Key value format for package options (HO)
)
\@linkdim=\dimen195
\Hy@linkcounter=\count295
\Hy@pagecounter=\count296

(c:/Users/tadeu/AppData/Roaming/TinyTeX/texmf-dist/tex/latex/hyperref/pd1enc.de
f
File: pd1enc.def 2021-06-07 v7.00m Hyperref: PDFDocEncoding definition (HO)
Now handling font encoding PD1 ...
... no UTF-8 mapping file for font encoding PD1
)
(c:/Users/tadeu/AppData/Roaming/TinyTeX/texmf-dist/tex/latex/hyperref/hyperref-
langpatches.def
File: hyperref-langpatches.def 2021-06-07 v7.00m Hyperref: patches for babel la
nguages
)
(c:/Users/tadeu/AppData/Roaming/TinyTeX/texmf-dist/tex/generic/intcalc/intcalc.
sty
Package: intcalc 2019/12/15 v1.3 Expandable calculations with integers (HO)
)
(c:/Users/tadeu/AppData/Roaming/TinyTeX/texmf-dist/tex/generic/etexcmds/etexcmd
s.sty
Package: etexcmds 2019/12/15 v1.7 Avoid name clashes with e-TeX commands (HO)
)
\Hy@SavedSpaceFactor=\count297

(c:/Users/tadeu/AppData/Roaming/TinyTeX/texmf-dist/tex/latex/hyperref/puenc.def
File: puenc.def 2021-06-07 v7.00m Hyperref: PDF Unicode definition (HO)
Now handling font encoding PU ...
... no UTF-8 mapping file for font encoding PU
)
Package hyperref Info: Option `unicode' set `true' on input line 4073.
Package hyperref Info: Hyper figures OFF on input line 4192.
Package hyperref Info: Link nesting OFF on input line 4197.
Package hyperref Info: Hyper index ON on input line 4200.
Package hyperref Info: Plain pages OFF on input line 4207.
Package hyperref Info: Backreferencing OFF on input line 4212.
Package hyperref Info: Implicit mode ON; LaTeX internals redefined.
Package hyperref Info: Bookmarks ON on input line 4445.
\c@Hy@tempcnt=\count298
(c:/Users/tadeu/AppData/Roaming/TinyTeX/texmf-dist/tex/latex/url/url.sty
\Urlmuskip=\muskip17
Package: url 2013/09/16  ver 3.4  Verb mode for urls, etc.
)
LaTeX Info: Redefining \url on input line 4804.
\XeTeXLinkMargin=\dimen196

(c:/Users/tadeu/AppData/Roaming/TinyTeX/texmf-dist/tex/generic/bitset/bitset.st
y
Package: bitset 2019/12/09 v1.3 Handle bit-vector datatype (HO)

(c:/Users/tadeu/AppData/Roaming/TinyTeX/texmf-dist/tex/generic/bigintcalc/bigin
tcalc.sty
Package: bigintcalc 2019/12/15 v1.5 Expandable calculations on big integers (HO
)
))
\Fld@menulength=\count299
\Field@Width=\dimen197
\Fld@charsize=\dimen198
Package hyperref Info: Hyper figures OFF on input line 6076.
Package hyperref Info: Link nesting OFF on input line 6081.
Package hyperref Info: Hyper index ON on input line 6084.
Package hyperref Info: backreferencing OFF on input line 6091.
Package hyperref Info: Link coloring OFF on input line 6096.
Package hyperref Info: Link coloring with OCG OFF on input line 6101.
Package hyperref Info: PDF/A mode OFF on input line 6106.
LaTeX Info: Redefining \ref on input line 6146.
LaTeX Info: Redefining \pageref on input line 6150.

(c:/Users/tadeu/AppData/Roaming/TinyTeX/texmf-dist/tex/latex/base/atbegshi-ltx.
sty
Package: atbegshi-ltx 2021/01/10 v1.0c Emulation of the original atbegshi
package with kernel methods
)
\Hy@abspage=\count300
\c@Item=\count301
\c@Hfootnote=\count302
)
Package hyperref Info: Driver (autodetected): hpdftex.

(c:/Users/tadeu/AppData/Roaming/TinyTeX/texmf-dist/tex/latex/hyperref/hpdftex.d
ef
File: hpdftex.def 2021-06-07 v7.00m Hyperref driver for pdfTeX

(c:/Users/tadeu/AppData/Roaming/TinyTeX/texmf-dist/tex/latex/base/atveryend-ltx
.sty
Package: atveryend-ltx 2020/08/19 v1.0a Emulation of the original atvery packag
e
with kernel methods
)
\Fld@listcount=\count303
\c@bookmark@seq@number=\count304

(c:/Users/tadeu/AppData/Roaming/TinyTeX/texmf-dist/tex/latex/rerunfilecheck/rer
unfilecheck.sty
Package: rerunfilecheck 2019/12/05 v1.9 Rerun checks for auxiliary files (HO)

(c:/Users/tadeu/AppData/Roaming/TinyTeX/texmf-dist/tex/generic/uniquecounter/un
iquecounter.sty
Package: uniquecounter 2019/12/15 v1.4 Provide unlimited unique counter (HO)
)
Package uniquecounter Info: New unique counter `rerunfilecheck' on input line 2
86.
)
\Hy@SectionHShift=\skip65
)
(c:/Users/tadeu/AppData/Roaming/TinyTeX/texmf-dist/tex/latex/bookmark/bkm-pdfte
x.def
File: bkm-pdftex.def 2020-11-06 v1.29 bookmark driver for pdfTeX (HO)
\BKM@id=\count305
))
(c:/Users/tadeu/AppData/Roaming/TinyTeX/texmf-dist/tex/latex/l3backend/l3backen
d-pdftex.def
File: l3backend-pdftex.def 2021-10-18 L3 backend support: PDF output (pdfTeX)
\l__color_backend_stack_int=\count306
\l__pdf_internal_box=\box72
)
No file mercado_trabalho.aux.
\openout1 = `mercado_trabalho.aux'.

LaTeX Font Info:    Checking defaults for OML/cmm/m/it on input line 84.
LaTeX Font Info:    ... okay on input line 84.
LaTeX Font Info:    Checking defaults for OMS/cmsy/m/n on input line 84.
LaTeX Font Info:    ... okay on input line 84.
LaTeX Font Info:    Checking defaults for OT1/cmr/m/n on input line 84.
LaTeX Font Info:    ... okay on input line 84.
LaTeX Font Info:    Checking defaults for T1/cmr/m/n on input line 84.
LaTeX Font Info:    ... okay on input line 84.
LaTeX Font Info:    Checking defaults for TS1/cmr/m/n on input line 84.
LaTeX Font Info:    ... okay on input line 84.
LaTeX Font Info:    Checking defaults for OMX/cmex/m/n on input line 84.
LaTeX Font Info:    ... okay on input line 84.
LaTeX Font Info:    Checking defaults for U/cmr/m/n on input line 84.
LaTeX Font Info:    ... okay on input line 84.
LaTeX Font Info:    Checking defaults for PD1/pdf/m/n on input line 84.
LaTeX Font Info:    ... okay on input line 84.
LaTeX Font Info:    Checking defaults for PU/pdf/m/n on input line 84.
LaTeX Font Info:    ... okay on input line 84.
LaTeX Info: Redefining \microtypecontext on input line 84.
Package microtype Info: Applying patch `item' on input line 84.
Package microtype Info: Applying patch `toc' on input line 84.
Package microtype Info: Applying patch `eqnum' on input line 84.
Package microtype Info: Applying patch `footnote' on input line 84.
Package microtype Info: Generating PDF output.
Package microtype Info: Character protrusion enabled (level 2).
Package microtype Info: Using protrusion set `basicmath'.
Package microtype Info: Automatic font expansion enabled (level 2),
(microtype)             stretch: 20, shrink: 20, step: 1, non-selected.
Package microtype Info: Using default expansion set `alltext-nott'.
LaTeX Info: Redefining \showhyphens on input line 84.
Package microtype Info: No adjustment of tracking.
Package microtype Info: No adjustment of interword spacing.
Package microtype Info: No adjustment of character kerning.

(c:/Users/tadeu/AppData/Roaming/TinyTeX/texmf-dist/tex/latex/microtype/mt-cmr.c
fg
File: mt-cmr.cfg 2013/05/19 v2.2 microtype config. file: Computer Modern Roman 
(RS)
)
(c:/Users/tadeu/AppData/Roaming/TinyTeX/texmf-dist/tex/latex/epstopdf-pkg/epsto
pdf-base.sty
Package: epstopdf-base 2020-01-24 v2.11 Base part for package epstopdf
Package epstopdf-base Info: Redefining graphics rule for `.eps' on input line 4
85.

(c:/Users/tadeu/AppData/Roaming/TinyTeX/texmf-dist/tex/latex/latexconfig/epstop
df-sys.cfg
File: epstopdf-sys.cfg 2010/07/13 v1.3 Configuration of (r)epstopdf for TeX Liv
e
))
*geometry* driver: auto-detecting
*geometry* detected driver: pdftex
*geometry* verbose mode - [ preamble ] result:
* driver: pdftex
* paper: <default>
* layout: <same size as paper>
* layoutoffset:(h,v)=(0.0pt,0.0pt)
* modes: 
* h-part:(L,W,R)=(72.26999pt, 469.75502pt, 72.26999pt)
* v-part:(T,H,B)=(72.26999pt, 650.43001pt, 72.26999pt)
* \paperwidth=614.295pt
* \paperheight=794.96999pt
* \textwidth=469.75502pt
* \textheight=650.43001pt
* \oddsidemargin=0.0pt
* \evensidemargin=0.0pt
* \topmargin=-37.0pt
* \headheight=12.0pt
* \headsep=25.0pt
* \topskip=10.0pt
* \footskip=30.0pt
* \marginparwidth=65.0pt
* \marginparsep=11.0pt
* \columnsep=10.0pt
* \skip\footins=9.0pt plus 4.0pt minus 2.0pt
* \hoffset=0.0pt
* \voffset=0.0pt
* \mag=1000
* \@twocolumnfalse
* \@twosidefalse
* \@mparswitchfalse
* \@reversemarginfalse
* (1in=72.27pt=25.4mm, 1cm=28.453pt)

Package hyperref Info: Link coloring OFF on input line 84.

(c:/Users/tadeu/AppData/Roaming/TinyTeX/texmf-dist/tex/latex/hyperref/nameref.s
ty
Package: nameref 2021-04-02 v2.47 Cross-referencing by name of section

(c:/Users/tadeu/AppData/Roaming/TinyTeX/texmf-dist/tex/latex/refcount/refcount.
sty
Package: refcount 2019/12/15 v3.6 Data extraction from label references (HO)
)
(c:/Users/tadeu/AppData/Roaming/TinyTeX/texmf-dist/tex/generic/gettitlestring/g
ettitlestring.sty
Package: gettitlestring 2019/12/15 v1.6 Cleanup title references (HO)
)
\c@section@level=\count307
)
LaTeX Info: Redefining \ref on input line 84.
LaTeX Info: Redefining \pageref on input line 84.
LaTeX Info: Redefining \nameref on input line 84.
LaTeX Font Info:    Trying to load font information for OT1+lmr on input line 8
6.
(c:/Users/tadeu/AppData/Roaming/TinyTeX/texmf-dist/tex/latex/lm/ot1lmr.fd
File: ot1lmr.fd 2015/05/01 v1.6.1 Font defs for Latin Modern
)
LaTeX Font Info:    Trying to load font information for OML+lmm on input line 8
6.
(c:/Users/tadeu/AppData/Roaming/TinyTeX/texmf-dist/tex/latex/lm/omllmm.fd
File: omllmm.fd 2015/05/01 v1.6.1 Font defs for Latin Modern
)
LaTeX Font Info:    Trying to load font information for OMS+lmsy on input line 
86.
(c:/Users/tadeu/AppData/Roaming/TinyTeX/texmf-dist/tex/latex/lm/omslmsy.fd
File: omslmsy.fd 2015/05/01 v1.6.1 Font defs for Latin Modern
)
LaTeX Font Info:    Trying to load font information for OMX+lmex on input line 
86.
(c:/Users/tadeu/AppData/Roaming/TinyTeX/texmf-dist/tex/latex/lm/omxlmex.fd
File: omxlmex.fd 2015/05/01 v1.6.1 Font defs for Latin Modern
)
LaTeX Font Info:    External font `lmex10' loaded for size
(Font)              <12> on input line 86.
LaTeX Font Info:    External font `lmex10' loaded for size
(Font)              <8> on input line 86.
LaTeX Font Info:    External font `lmex10' loaded for size
(Font)              <6> on input line 86.
LaTeX Font Info:    Trying to load font information for U+msa on input line 86.

(c:/Users/tadeu/AppData/Roaming/TinyTeX/texmf-dist/tex/latex/amsfonts/umsa.fd
File: umsa.fd 2013/01/14 v3.01 AMS symbols A
)
(c:/Users/tadeu/AppData/Roaming/TinyTeX/texmf-dist/tex/latex/microtype/mt-msa.c
fg
File: mt-msa.cfg 2006/02/04 v1.1 microtype config. file: AMS symbols (a) (RS)
)
LaTeX Font Info:    Trying to load font information for U+msb on input line 86.

(c:/Users/tadeu/AppData/Roaming/TinyTeX/texmf-dist/tex/latex/amsfonts/umsb.fd
File: umsb.fd 2013/01/14 v3.01 AMS symbols B
)
(c:/Users/tadeu/AppData/Roaming/TinyTeX/texmf-dist/tex/latex/microtype/mt-msb.c
fg
File: mt-msb.cfg 2005/06/01 v1.0 microtype config. file: AMS symbols (b) (RS)
)
\tf@toc=\write3
\openout3 = `mercado_trabalho.toc'.

<mercado_trabalho_files/figure-latex/g_secao-1.pdf, id=4, 469.755pt x 325.215pt
>
File: mercado_trabalho_files/figure-latex/g_secao-1.pdf Graphic file (type pdf)

<use mercado_trabalho_files/figure-latex/g_secao-1.pdf>
Package pdftex.def Info: mercado_trabalho_files/figure-latex/g_secao-1.pdf  use
d on input line 129.
(pdftex.def)             Requested size: 469.75386pt x 325.2142pt.
[1

{c:/Users/tadeu/AppData/Roaming/TinyTeX/texmf-var/fonts/map/pdftex/updmap/pdfte
x.map}]
<mercado_trabalho_files/figure-latex/g_divisao-1.pdf, id=19, 867.24pt x 722.7pt
>
File: mercado_trabalho_files/figure-latex/g_divisao-1.pdf Graphic file (type pd
f)
<use mercado_trabalho_files/figure-latex/g_divisao-1.pdf>
Package pdftex.def Info: mercado_trabalho_files/figure-latex/g_divisao-1.pdf  u
sed on input line 142.
(pdftex.def)             Requested size: 469.75827pt x 391.46521pt.
[2 <./mercado_trabalho_files/figure-latex/g_secao-1.pdf>]
LaTeX Font Info:    Trying to load font information for TS1+lmr on input line 1
79.
(c:/Users/tadeu/AppData/Roaming/TinyTeX/texmf-dist/tex/latex/lm/ts1lmr.fd
File: ts1lmr.fd 2015/05/01 v1.6.1 Font defs for Latin Modern
) [3 <./mercado_trabalho_files/figure-latex/g_divisao-1.pdf>]
Underfull \hbox (badness 10000) in paragraph at lines 203--204

 []

<mercado_trabalho_files/figure-latex/g_grupo-1.pdf, id=41, 469.755pt x 325.215p
t>
File: mercado_trabalho_files/figure-latex/g_grupo-1.pdf Graphic file (type pdf)

<use mercado_trabalho_files/figure-latex/g_grupo-1.pdf>
Package pdftex.def Info: mercado_trabalho_files/figure-latex/g_grupo-1.pdf  use
d on input line 205.
(pdftex.def)             Requested size: 469.75386pt x 325.2142pt.
[4 <./mercado_trabalho_files/figure-latex/g_grupo-1.pdf>]
<mercado_trabalho_files/figure-latex/funcao2-1.pdf, id=54, 1011.78pt x 1011.78p
t>
File: mercado_trabalho_files/figure-latex/funcao2-1.pdf Graphic file (type pdf)

<use mercado_trabalho_files/figure-latex/funcao2-1.pdf>
Package pdftex.def Info: mercado_trabalho_files/figure-latex/funcao2-1.pdf  use
d on input line 236.
(pdftex.def)             Requested size: 469.76266pt x 469.76266pt.
[5 <./mercado_trabalho_files/figure-latex/funcao2-1.pdf>]
<mercado_trabalho_files/figure-latex/g_secao_ma-1.pdf, id=66, 469.755pt x 325.2
15pt>
File: mercado_trabalho_files/figure-latex/g_secao_ma-1.pdf Graphic file (type p
df)
<use mercado_trabalho_files/figure-latex/g_secao_ma-1.pdf>
Package pdftex.def Info: mercado_trabalho_files/figure-latex/g_secao_ma-1.pdf  
used on input line 254.
(pdftex.def)             Requested size: 469.75386pt x 325.2142pt.
<mercado_trabalho_files/figure-latex/g_divisao_ma-1.pdf, id=67, 867.24pt x 1011
.78pt>
File: mercado_trabalho_files/figure-latex/g_divisao_ma-1.pdf Graphic file (type
 pdf)
<use mercado_trabalho_files/figure-latex/g_divisao_ma-1.pdf>
Package pdftex.def Info: mercado_trabalho_files/figure-latex/g_divisao_ma-1.pdf
  used on input line 265.
(pdftex.def)             Requested size: 469.75827pt x 548.0513pt.
[6 <./mercado_trabalho_files/figure-latex/g_secao_ma-1.pdf>]
<mercado_trabalho_files/figure-latex/g_grupo_ma-1.pdf, id=79, 469.755pt x 325.2
15pt>
File: mercado_trabalho_files/figure-latex/g_grupo_ma-1.pdf Graphic file (type p
df)
<use mercado_trabalho_files/figure-latex/g_grupo_ma-1.pdf>
Package pdftex.def Info: mercado_trabalho_files/figure-latex/g_grupo_ma-1.pdf  
used on input line 272.
(pdftex.def)             Requested size: 469.75386pt x 325.2142pt.
[7 <./mercado_trabalho_files/figure-latex/g_divisao_ma-1.pdf>]
<mercado_trabalho_files/figure-latex/subclasse.ma-1.pdf, id=91, 1011.78pt x 101
1.78pt>
File: mercado_trabalho_files/figure-latex/subclasse.ma-1.pdf Graphic file (type
 pdf)
<use mercado_trabalho_files/figure-latex/subclasse.ma-1.pdf>
Package pdftex.def Info: mercado_trabalho_files/figure-latex/subclasse.ma-1.pdf
  used on input line 283.
(pdftex.def)             Requested size: 469.76266pt x 469.76266pt.
[8 <./mercado_trabalho_files/figure-latex/g_grupo_ma-1.pdf>]
<mercado_trabalho_files/figure-latex/g_operacao_escol_sexo-1.pdf, id=102, 469.7
55pt x 325.215pt>
File: mercado_trabalho_files/figure-latex/g_operacao_escol_sexo-1.pdf Graphic f
ile (type pdf)
<use mercado_trabalho_files/figure-latex/g_operacao_escol_sexo-1.pdf>
Package pdftex.def Info: mercado_trabalho_files/figure-latex/g_operacao_escol_s
exo-1.pdf  used on input line 307.
(pdftex.def)             Requested size: 469.75386pt x 325.2142pt.
[9 <./mercado_trabalho_files/figure-latex/subclasse.ma-1.pdf>]
<mercado_trabalho_files/figure-latex/g_operacao_escol_sexo.ma-1.pdf, id=117, 46
9.755pt x 325.215pt>
File: mercado_trabalho_files/figure-latex/g_operacao_escol_sexo.ma-1.pdf Graphi
c file (type pdf)
<use mercado_trabalho_files/figure-latex/g_operacao_escol_sexo.ma-1.pdf>
Package pdftex.def Info: mercado_trabalho_files/figure-latex/g_operacao_escol_s
exo.ma-1.pdf  used on input line 315.
(pdftex.def)             Requested size: 469.75386pt x 325.2142pt.
[10 <./mercado_trabalho_files/figure-latex/g_operacao_escol_sexo-1.pdf>]
<mercado_trabalho_files/figure-latex/g_remun_escol_sexo-1.pdf, id=128, 469.755p
t x 325.215pt>
File: mercado_trabalho_files/figure-latex/g_remun_escol_sexo-1.pdf Graphic file
 (type pdf)
<use mercado_trabalho_files/figure-latex/g_remun_escol_sexo-1.pdf>
Package pdftex.def Info: mercado_trabalho_files/figure-latex/g_remun_escol_sexo
-1.pdf  used on input line 321.
(pdftex.def)             Requested size: 469.75386pt x 325.2142pt.
[11 <./mercado_trabalho_files/figure-latex/g_operacao_escol_sexo.ma-1.pdf>]
<mercado_trabalho_files/figure-latex/g_remun_escol_sexo.ma-1.pdf, id=139, 469.7
55pt x 325.215pt>
File: mercado_trabalho_files/figure-latex/g_remun_escol_sexo.ma-1.pdf Graphic f
ile (type pdf)
<use mercado_trabalho_files/figure-latex/g_remun_escol_sexo.ma-1.pdf>
Package pdftex.def Info: mercado_trabalho_files/figure-latex/g_remun_escol_sexo
.ma-1.pdf  used on input line 327.
(pdftex.def)             Requested size: 469.75386pt x 325.2142pt.
[12 <./mercado_trabalho_files/figure-latex/g_remun_escol_sexo-1.pdf>]
LaTeX Font Info:    External font `lmex10' loaded for size
(Font)              <10> on input line 334.
LaTeX Font Info:    External font `lmex10' loaded for size
(Font)              <7> on input line 334.
LaTeX Font Info:    External font `lmex10' loaded for size
(Font)              <5> on input line 334.
<mercado_trabalho_files/figure-latex/g_operacao_raca_sexo-1.pdf, id=152, 469.75
5pt x 325.215pt>
File: mercado_trabalho_files/figure-latex/g_operacao_raca_sexo-1.pdf Graphic fi
le (type pdf)
<use mercado_trabalho_files/figure-latex/g_operacao_raca_sexo-1.pdf>
Package pdftex.def Info: mercado_trabalho_files/figure-latex/g_operacao_raca_se
xo-1.pdf  used on input line 350.
(pdftex.def)             Requested size: 469.75386pt x 325.2142pt.
[13 <./mercado_trabalho_files/figure-latex/g_remun_escol_sexo.ma-1.pdf>]
<mercado_trabalho_files/figure-latex/g_operacao_remuneracao _mediana_raca_sexo-
1.pdf, id=171, 469.755pt x 325.215pt>
File: mercado_trabalho_files/figure-latex/g_operacao_remuneracao _mediana_raca_
sexo-1.pdf Graphic file (type pdf)
<use mercado_trabalho_files/figure-latex/g_operacao_remuneracao _mediana_raca_s
exo-1.pdf>
Package pdftex.def Info: mercado_trabalho_files/figure-latex/g_operacao_remuner
acao _mediana_raca_sexo-1.pdf  used on input line 357.
(pdftex.def)             Requested size: 469.75386pt x 325.2142pt.
[14 <./mercado_trabalho_files/figure-latex/g_operacao_raca_sexo-1.pdf>]
<mercado_trabalho_files/figure-latex/g_operacao_raca_sexo.ma-1.pdf, id=182, 469
.755pt x 325.215pt>
File: mercado_trabalho_files/figure-latex/g_operacao_raca_sexo.ma-1.pdf Graphic
 file (type pdf)
<use mercado_trabalho_files/figure-latex/g_operacao_raca_sexo.ma-1.pdf>
Package pdftex.def Info: mercado_trabalho_files/figure-latex/g_operacao_raca_se
xo.ma-1.pdf  used on input line 362.
(pdftex.def)             Requested size: 469.75386pt x 325.2142pt.
[15 <./mercado_trabalho_files/figure-latex/g_operacao_remuneracao _mediana_raca
_sexo-1.pdf>]
<mercado_trabalho_files/figure-latex/g_operacao_remuneracao _mediana_raca_sexo.
ma-1.pdf, id=193, 469.755pt x 325.215pt>
File: mercado_trabalho_files/figure-latex/g_operacao_remuneracao _mediana_raca_
sexo.ma-1.pdf Graphic file (type pdf)
<use mercado_trabalho_files/figure-latex/g_operacao_remuneracao _mediana_raca_s
exo.ma-1.pdf>
Package pdftex.def Info: mercado_trabalho_files/figure-latex/g_operacao_remuner
acao _mediana_raca_sexo.ma-1.pdf  used on input line 370.
(pdftex.def)             Requested size: 469.75386pt x 325.2142pt.
[16 <./mercado_trabalho_files/figure-latex/g_operacao_raca_sexo.ma-1.pdf>]
<mercado_trabalho_files/figure-latex/g_operacao_ocupacao-1.pdf, id=204, 469.755
pt x 325.215pt>
File: mercado_trabalho_files/figure-latex/g_operacao_ocupacao-1.pdf Graphic fil
e (type pdf)
<use mercado_trabalho_files/figure-latex/g_operacao_ocupacao-1.pdf>
Package pdftex.def Info: mercado_trabalho_files/figure-latex/g_operacao_ocupaca
o-1.pdf  used on input line 387.
(pdftex.def)             Requested size: 469.75386pt x 325.2142pt.
[17 <./mercado_trabalho_files/figure-latex/g_operacao_remuneracao _mediana_raca
_sexo.ma-1.pdf>]
<mercado_trabalho_files/figure-latex/g_operacao_estado_rem-1.pdf, id=217, 469.7
55pt x 325.215pt>
File: mercado_trabalho_files/figure-latex/g_operacao_estado_rem-1.pdf Graphic f
ile (type pdf)
<use mercado_trabalho_files/figure-latex/g_operacao_estado_rem-1.pdf>
Package pdftex.def Info: mercado_trabalho_files/figure-latex/g_operacao_estado_
rem-1.pdf  used on input line 402.
(pdftex.def)             Requested size: 469.75386pt x 325.2142pt.
[18 <./mercado_trabalho_files/figure-latex/g_operacao_ocupacao-1.pdf>]
<mercado_trabalho_files/figure-latex/g_operacao_municipio-1.pdf, id=230, 469.75
5pt x 325.215pt>
File: mercado_trabalho_files/figure-latex/g_operacao_municipio-1.pdf Graphic fi
le (type pdf)
<use mercado_trabalho_files/figure-latex/g_operacao_municipio-1.pdf>
Package pdftex.def Info: mercado_trabalho_files/figure-latex/g_operacao_municip
io-1.pdf  used on input line 408.
(pdftex.def)             Requested size: 469.75386pt x 325.2142pt.
[19 <./mercado_trabalho_files/figure-latex/g_operacao_estado_rem-1.pdf>]
<mercado_trabalho_files/figure-latex/r g_operacao_uf-1.pdf, id=243, 578.16pt x 
1156.32pt>
File: mercado_trabalho_files/figure-latex/r g_operacao_uf-1.pdf Graphic file (t
ype pdf)
<use mercado_trabalho_files/figure-latex/r g_operacao_uf-1.pdf>
Package pdftex.def Info: mercado_trabalho_files/figure-latex/r g_operacao_uf-1.
pdf  used on input line 423.
(pdftex.def)             Requested size: 325.2142pt x 650.4284pt.
[20 <./mercado_trabalho_files/figure-latex/g_operacao_municipio-1.pdf>] [21 <./
mercado_trabalho_files/figure-latex/r g_operacao_uf-1.pdf>]
! Undefined control sequence.
\@sharp ...ell[l]{Observat칩rio Portu치rio \Dados 
                                                  : IBGE - CNAE}
l.491 ...vat칩rio Portu치rio \Dados: IBGE - CNAE}}
                                                  \\ 
Here is how much of TeX's memory you used:
 14181 strings out of 480539
 221789 string characters out of 5901136
 559644 words of memory out of 5000000
 31335 multiletter control sequences out of 15000+600000
 472877 words of font info for 156 fonts, out of 8000000 for 9000
 14 hyphenation exceptions out of 8191
 74i,11n,80p,1013b,412s stack positions out of 5000i,500n,10000p,200000b,80000s

!  ==> Fatal error occurred, no output PDF file produced!
